<?xml version="1.0" encoding="UTF-8"?>
<!-- Generated by org.testng.reporters.JUnitXMLReporter -->
<testsuite hostname="Roshans-MacBook-Pro.local" name="Command line test" tests="0" failures="0" timestamp="12 Jul 2020 12:20:39 GMT" time="5.511" errors="0">
  <testcase name="@BeforeSuite openBrowser" time="0.0" classname="test.TestRunner">
    <failure type="java.lang.IllegalStateException" message="The driver is not executable: /Users/roshan/eclipse-workspace/mavensample/driver/chromedriver.exe">
      <![CDATA[java.lang.IllegalStateException: The driver is not executable: /Users/roshan/eclipse-workspace/mavensample/driver/chromedriver.exe
	at com.google.common.base.Preconditions.checkState(Preconditions.java:585)
	at org.openqa.selenium.remote.service.DriverService.checkExecutable(DriverService.java:150)
	at org.openqa.selenium.remote.service.DriverService.findExecutable(DriverService.java:141)
	at org.openqa.selenium.chrome.ChromeDriverService.access$000(ChromeDriverService.java:35)
	at org.openqa.selenium.chrome.ChromeDriverService$Builder.findDefaultExecutable(ChromeDriverService.java:159)
	at org.openqa.selenium.remote.service.DriverService$Builder.build(DriverService.java:355)
	at org.openqa.selenium.chrome.ChromeDriverService.createDefaultService(ChromeDriverService.java:94)
	at org.openqa.selenium.chrome.ChromeDriver.<init>(ChromeDriver.java:123)
	at test.TestRunner.openBrowser(TestRunner.java:52)
... Removed 27 stack frames]]>
    </failure>
  </testcase> <!-- @BeforeSuite openBrowser -->
</testsuite> <!-- Command line test -->
